
# 16.7s user time, 50ms system time, 44.08M rss, 390.12G vsz
# Current date: Sat Nov 25 16:43:14 2023
# Hostname: YusukenoMac-mini.local
# Files: slowquery/log/mysql-slow.log
# Overall: 409.02k total, 90 unique, 5.38k QPS, 2.85x concurrency ________
# Time range: 2023-11-25T07:41:25 to 2023-11-25T07:42:41
# Attribute          total     min     max     avg     95%  stddev  median
# ============     ======= ======= ======= ======= ======= ======= =======
# Exec time           216s     1us   398ms   528us     2ms     3ms   113us
# Lock time          884ms       0    22ms     2us     1us    68us     1us
# Rows sent        416.91k       0   7.43k    1.04    0.99   30.62    0.99
# Rows examine      12.15M       0  14.03k   31.15    2.90  511.09    0.99
# Query size        39.35M       5   1.94M  100.89  329.68   3.23k   40.45

# Profile
# Rank Query ID                            Response time Calls R/Call V/M 
# ==== =================================== ============= ===== ====== ====
#    1 0x4ADE2DC90689F1C4891749AF54FB8D14  28.7299 13.3% 52274 0.0005  0.00 DELETE SELECT livecomments
#    2 0x22279D81D51006139E0C76405B54C261  24.1081 11.1% 28892 0.0008  0.00 SELECT domains domainmetadata
#    3 0x59F1B6DD8D9FEC059E55B3BFD624E8C3  24.0744 11.1%  1068 0.0225  0.01 SELECT reservation_slots
#    4 0x42EF7D7D98FBCC9723BF896EBFC51D24  21.5737 10.0% 23364 0.0009  0.00 SELECT records
#    5 0xFBC5564AE716EAE82F20BFB45F6C37E7  21.2210  9.8% 81934 0.0003  0.00 SELECT tags
#    6 0x8F7679D452333ED3C7D60D22131CEFD4  19.7975  9.2% 69023 0.0003  0.00 ADMIN RESET STMT
#    7 0x3D83BC87F3B3A00D571FFC8104A6E50C  17.1671  7.9% 16456 0.0010  0.00 SELECT records
#    8 0x38BC86A45F31C6B1EE324671506C898A  13.1883  6.1% 33104 0.0004  0.00 SELECT themes
#    9 0xEA1E6309EEEFF9A6831AD2FB940FC23C   8.9258  4.1% 32662 0.0003  0.00 SELECT users
#   10 0xF7144185D9A142A426A36DC55C1D2623   6.4981  3.0% 18778 0.0003  0.00 SELECT livestream_tags
#   11 0xA3401CA3ABCC04C3AB221DB8AD5CBF26   6.1923  2.9%   119 0.0520  0.02 UPDATE reservation_slots
#   12 0x7F9C0C0BA9473953B723EE16C08655F1   5.2746  2.4%   121 0.0436  0.02 SELECT reservation_slots
#   13 0xD6032FE08E1FE706A928B8B7CBA06B85   4.4132  2.0% 16772 0.0003  0.00 SELECT livestreams
#   14 0xFFFCA4D67EA0A788813031B8BBC3B329   2.5967  1.2%  4632 0.0006  0.00 COMMIT
#   15 0x3F155F5E71EFF856F0CF7B8430DE8C23   2.3726  1.1%  6906 0.0003  0.00 SELECT users
# MISC 0xMISC                              10.1870  4.7% 22917 0.0004   0.0 <75 ITEMS>

# Query 1: 856.95 QPS, 0.47x concurrency, ID 0x4ADE2DC90689F1C4891749AF54FB8D14 at byte 120850299
# This item is included in the report because it matches --limit.
# Scores: V/M = 0.00
# Time range: 2023-11-25T07:41:40 to 2023-11-25T07:42:41
# Attribute    pct   total     min     max     avg     95%  stddev  median
# ============ === ======= ======= ======= ======= ======= ======= =======
# Count         12   52274
# Exec time     13     29s    98us    36ms   549us     2ms     1ms   144us
# Lock time     20   183ms       0    22ms     3us     1us   125us     1us
# Rows sent      0       0       0       0       0       0       0       0
# Rows examine   0 102.11k       2       4    2.00    1.96    0.02    1.96
# Query size    42  16.60M     263     535  332.98  381.65   28.00  313.99
# String:
# Databases    isupipe
# Hosts        localhost
# Users        isucon
# Query_time distribution
#   1us
#  10us  #
# 100us  ################################################################
#   1ms  ##########
#  10ms  #
# 100ms
#    1s
#  10s+
# Tables
#    SHOW TABLE STATUS FROM `isupipe` LIKE 'livecomments'\G
#    SHOW CREATE TABLE `isupipe`.`livecomments`\G
DELETE FROM livecomments
			WHERE
			id = 634 AND
			livestream_id = 7527 AND
			(SELECT COUNT(*)
			FROM
			(SELECT 'このBGM、心地良くてリピートして聞いてます。' AS text) AS texts
			INNER JOIN
			(SELECT CONCAT('%', '擬登録反抗', '%')	AS pattern) AS patterns
			ON texts.text LIKE patterns.pattern) >= 1\G
# Converted for EXPLAIN
# EXPLAIN /*!50100 PARTITIONS*/
select * from  livecomments
			WHERE
			id = 634 AND
			livestream_id = 7527 AND
			(SELECT COUNT(*)
			FROM
			(SELECT 'このBGM、心地良くてリピートして聞いてます。' AS text) AS texts
			INNER JOIN
			(SELECT CONCAT('%', '擬登録反抗', '%')	AS pattern) AS patterns
			ON texts.text LIKE patterns.pattern) >= 1\G

# Query 2: 418.72 QPS, 0.35x concurrency, ID 0x22279D81D51006139E0C76405B54C261 at byte 14768111
# This item is included in the report because it matches --limit.
# Scores: V/M = 0.00
# Time range: 2023-11-25T07:41:32 to 2023-11-25T07:42:41
# Attribute    pct   total     min     max     avg     95%  stddev  median
# ============ === ======= ======= ======= ======= ======= ======= =======
# Count          7   28892
# Exec time     11     24s    88us    40ms   834us     3ms     2ms   214us
# Lock time     11   103ms       0    20ms     3us     1us   120us     1us
# Rows sent      0       0       0       0       0       0       0       0
# Rows examine   0       0       0       0       0       0       0       0
# Query size     7   3.14M     114     114     114     114       0     114
# String:
# Databases    isudns
# Hosts        localhost
# Users        isudns
# Query_time distribution
#   1us
#  10us  #
# 100us  ################################################################
#   1ms  ##################
#  10ms  #
# 100ms
#    1s
#  10s+
# Tables
#    SHOW TABLE STATUS FROM `isudns` LIKE 'domains'\G
#    SHOW CREATE TABLE `isudns`.`domains`\G
#    SHOW TABLE STATUS FROM `isudns` LIKE 'domainmetadata'\G
#    SHOW CREATE TABLE `isudns`.`domainmetadata`\G
# EXPLAIN /*!50100 PARTITIONS*/
select kind,content from domains, domainmetadata where domainmetadata.domain_id=domains.id and name='u.isucon.dev'\G

# Query 3: 15.94 QPS, 0.36x concurrency, ID 0x59F1B6DD8D9FEC059E55B3BFD624E8C3 at byte 90413428
# This item is included in the report because it matches --limit.
# Scores: V/M = 0.01
# Time range: 2023-11-25T07:41:34 to 2023-11-25T07:42:41
# Attribute    pct   total     min     max     avg     95%  stddev  median
# ============ === ======= ======= ======= ======= ======= ======= =======
# Count          0    1068
# Exec time     11     24s     2ms    98ms    23ms    51ms    15ms    18ms
# Lock time      0     3ms       0     1ms     3us     1us    39us     1us
# Rows sent      0   1.04k       1       1       1       1       0       1
# Rows examine  73   8.92M   8.55k   8.55k   8.55k   8.55k       0   8.55k
# Query size     0  89.70k      86      86      86      86       0      86
# String:
# Databases    isupipe
# Hosts        localhost
# Users        isucon
# Query_time distribution
#   1us
#  10us
# 100us
#   1ms  ################
#  10ms  ################################################################
# 100ms  #
#    1s
#  10s+
# Tables
#    SHOW TABLE STATUS FROM `isupipe` LIKE 'reservation_slots'\G
#    SHOW CREATE TABLE `isupipe`.`reservation_slots`\G
# EXPLAIN /*!50100 PARTITIONS*/
SELECT slot FROM reservation_slots WHERE start_at = 1701460800 AND end_at = 1701464400\G

# Query 4: 338.61 QPS, 0.31x concurrency, ID 0x42EF7D7D98FBCC9723BF896EBFC51D24 at byte 13984669
# This item is included in the report because it matches --limit.
# Scores: V/M = 0.00
# Time range: 2023-11-25T07:41:32 to 2023-11-25T07:42:41
# Attribute    pct   total     min     max     avg     95%  stddev  median
# ============ === ======= ======= ======= ======= ======= ======= =======
# Count          5   23364
# Exec time      9     22s    93us    52ms   923us     4ms     2ms   247us
# Lock time      6    60ms       0     6ms     2us     1us    51us     1us
# Rows sent      0   2.71k       0       1    0.12    0.99    0.32       0
# Rows examine   0   2.71k       0       1    0.12    0.99    0.32       0
# Query size     8   3.17M     129     218  142.32  158.58   12.21  136.99
# String:
# Databases    isudns
# Hosts        localhost
# Users        isudns
# Query_time distribution
#   1us
#  10us  #
# 100us  ################################################################
#   1ms  ###################
#  10ms  #
# 100ms
#    1s
#  10s+
# Tables
#    SHOW TABLE STATUS FROM `isudns` LIKE 'records'\G
#    SHOW CREATE TABLE `isudns`.`records`\G
# EXPLAIN /*!50100 PARTITIONS*/
SELECT content,ttl,prio,type,domain_id,disabled,name,auth FROM records WHERE disabled=0 and name='lyawhbf64uh4y1lws0.u.isucon.dev' and domain_id=2\G

# Query 5: 1.22k QPS, 0.32x concurrency, ID 0xFBC5564AE716EAE82F20BFB45F6C37E7 at byte 95531916
# This item is included in the report because it matches --limit.
# Scores: V/M = 0.00
# Time range: 2023-11-25T07:41:34 to 2023-11-25T07:42:41
# Attribute    pct   total     min     max     avg     95%  stddev  median
# ============ === ======= ======= ======= ======= ======= ======= =======
# Count         20   81934
# Exec time      9     21s    44us    36ms   259us     1ms   681us    80us
# Lock time     20   178ms       0     5ms     2us     1us    41us     1us
# Rows sent     19  80.01k       1       1       1       1       0       1
# Rows examine   0  80.01k       1       1       1       1       0       1
# Query size     6   2.50M      31      33   31.95   31.70    0.44   31.70
# String:
# Databases    isupipe
# Hosts        localhost
# Users        isucon
# Query_time distribution
#   1us
#  10us  ################################################################
# 100us  #####################
#   1ms  #####
#  10ms  #
# 100ms
#    1s
#  10s+
# Tables
#    SHOW TABLE STATUS FROM `isupipe` LIKE 'tags'\G
#    SHOW CREATE TABLE `isupipe`.`tags`\G
# EXPLAIN /*!50100 PARTITIONS*/
SELECT * FROM tags WHERE id = 9\G

# Query 6: 1.00k QPS, 0.29x concurrency, ID 0x8F7679D452333ED3C7D60D22131CEFD4 at byte 103153904
# This item is included in the report because it matches --limit.
# Scores: V/M = 0.00
# Time range: 2023-11-25T07:41:32 to 2023-11-25T07:42:41
# Attribute    pct   total     min     max     avg     95%  stddev  median
# ============ === ======= ======= ======= ======= ======= ======= =======
# Count         16   69023
# Exec time      9     20s     9us    41ms   286us     1ms   961us    47us
# Lock time      0       0       0       0       0       0       0       0
# Rows sent      0       0       0       0       0       0       0       0
# Rows examine   0       0       0       0       0       0       0       0
# Query size     5   2.17M      33      33      33      33       0      33
# String:
# Databases    isudns
# Hosts        localhost
# Users        isudns
# Query_time distribution
#   1us  #
#  10us  ################################################################
# 100us  ######################
#   1ms  #####
#  10ms  #
# 100ms
#    1s
#  10s+
administrator command: Reset stmt\G

# Query 7: 238.49 QPS, 0.25x concurrency, ID 0x3D83BC87F3B3A00D571FFC8104A6E50C at byte 13983563
# This item is included in the report because it matches --limit.
# Scores: V/M = 0.00
# Time range: 2023-11-25T07:41:32 to 2023-11-25T07:42:41
# Attribute    pct   total     min     max     avg     95%  stddev  median
# ============ === ======= ======= ======= ======= ======= ======= =======
# Count          4   16456
# Exec time      7     17s    88us    53ms     1ms     4ms     2ms   236us
# Lock time      7    70ms       0     6ms     4us     1us    95us     1us
# Rows sent      1   8.15k       0       1    0.51    0.99    0.50    0.99
# Rows examine   0  25.82k       0       3    1.61    2.90    1.39    2.90
# Query size     5   2.14M     126     217  136.15  151.03   11.62  124.25
# String:
# Databases    isudns
# Hosts        localhost
# Users        isudns
# Query_time distribution
#   1us
#  10us  #
# 100us  ################################################################
#   1ms  #####################
#  10ms  #
# 100ms
#    1s
#  10s+
# Tables
#    SHOW TABLE STATUS FROM `isudns` LIKE 'records'\G
#    SHOW CREATE TABLE `isudns`.`records`\G
# EXPLAIN /*!50100 PARTITIONS*/
SELECT content,ttl,prio,type,domain_id,disabled,name,auth FROM records WHERE disabled=0 and type='SOA' and name='jdlzxf4cfvn3rageex1ybjqd0.u.isucon.dev'\G

# Query 8: 494.09 QPS, 0.20x concurrency, ID 0x38BC86A45F31C6B1EE324671506C898A at byte 81602066
# This item is included in the report because it matches --limit.
# Scores: V/M = 0.00
# Time range: 2023-11-25T07:41:34 to 2023-11-25T07:42:41
# Attribute    pct   total     min     max     avg     95%  stddev  median
# ============ === ======= ======= ======= ======= ======= ======= =======
# Count          8   33104
# Exec time      6     13s    71us    27ms   398us     2ms   899us   113us
# Lock time      9    82ms       0     5ms     2us     1us    50us     1us
# Rows sent      7  32.33k       1       1       1       1       0       1
# Rows examine   0  32.33k       1       1       1       1       0       1
# Query size     3   1.29M      38      41   40.91   40.45    0.53   40.45
# String:
# Databases    isupipe
# Hosts        localhost
# Users        isucon
# Query_time distribution
#   1us
#  10us  ################
# 100us  ################################################################
#   1ms  #########
#  10ms  #
# 100ms
#    1s
#  10s+
# Tables
#    SHOW TABLE STATUS FROM `isupipe` LIKE 'themes'\G
#    SHOW CREATE TABLE `isupipe`.`themes`\G
# EXPLAIN /*!50100 PARTITIONS*/
SELECT * FROM themes WHERE user_id = 1021\G

# Query 9: 487.49 QPS, 0.13x concurrency, ID 0xEA1E6309EEEFF9A6831AD2FB940FC23C at byte 110373812
# This item is included in the report because it matches --limit.
# Scores: V/M = 0.00
# Time range: 2023-11-25T07:41:34 to 2023-11-25T07:42:41
# Attribute    pct   total     min     max     avg     95%  stddev  median
# ============ === ======= ======= ======= ======= ======= ======= =======
# Count          7   32662
# Exec time      4      9s    47us    32ms   273us     1ms   726us    89us
# Lock time      9    80ms       0     8ms     2us     1us    63us     1us
# Rows sent      7  31.90k       1       1       1       1       0       1
# Rows examine   0  31.90k       1       1       1       1       0       1
# Query size     2   1.09M      32      35   34.91   34.95    0.52   34.95
# String:
# Databases    isupipe
# Hosts        localhost
# Users        isucon
# Query_time distribution
#   1us
#  10us  ################################################################
# 100us  #############################
#   1ms  #####
#  10ms  #
# 100ms
#    1s
#  10s+
# Tables
#    SHOW TABLE STATUS FROM `isupipe` LIKE 'users'\G
#    SHOW CREATE TABLE `isupipe`.`users`\G
# EXPLAIN /*!50100 PARTITIONS*/
SELECT * FROM users WHERE id = 1124\G

# Query 10: 280.27 QPS, 0.10x concurrency, ID 0xF7144185D9A142A426A36DC55C1D2623 at byte 45516981
# This item is included in the report because it matches --limit.
# Scores: V/M = 0.00
# Time range: 2023-11-25T07:41:34 to 2023-11-25T07:42:41
# Attribute    pct   total     min     max     avg     95%  stddev  median
# ============ === ======= ======= ======= ======= ======= ======= =======
# Count          4   18778
# Exec time      3      6s    69us    17ms   346us     1ms   791us   119us
# Lock time      3    33ms       0     3ms     1us     1us    31us     1us
# Rows sent     19  80.02k       0      11    4.36    4.96    1.42    4.96
# Rows examine   0  80.02k       0      11    4.36    4.96    1.42    4.96
# Query size     2   1.00M      53      56   55.98   54.21    0.09   54.21
# String:
# Databases    isupipe
# Hosts        localhost
# Users        isucon
# Query_time distribution
#   1us
#  10us  #######
# 100us  ################################################################
#   1ms  ######
#  10ms  #
# 100ms
#    1s
#  10s+
# Tables
#    SHOW TABLE STATUS FROM `isupipe` LIKE 'livestream_tags'\G
#    SHOW CREATE TABLE `isupipe`.`livestream_tags`\G
# EXPLAIN /*!50100 PARTITIONS*/
SELECT * FROM livestream_tags WHERE livestream_id = 7529\G

# Query 11: 1.80 QPS, 0.09x concurrency, ID 0xA3401CA3ABCC04C3AB221DB8AD5CBF26 at byte 14192999
# This item is included in the report because it matches --limit.
# Scores: V/M = 0.02
# Time range: 2023-11-25T07:41:34 to 2023-11-25T07:42:40
# Attribute    pct   total     min     max     avg     95%  stddev  median
# ============ === ======= ======= ======= ======= ======= ======= =======
# Count          0     119
# Exec time      2      6s     5ms   144ms    52ms   110ms    35ms    48ms
# Lock time      0   113us       0     2us       0     1us       0     1us
# Rows sent      0       0       0       0       0       0       0       0
# Rows examine   8 1017.89k   8.55k   8.55k   8.55k   8.55k       0   8.55k
# Query size     0  11.39k      98      98      98      98       0      98
# String:
# Databases    isupipe
# Hosts        localhost
# Users        isucon
# Query_time distribution
#   1us
#  10us
# 100us
#   1ms  #####################
#  10ms  ################################################################
# 100ms  #############
#    1s
#  10s+
# Tables
#    SHOW TABLE STATUS FROM `isupipe` LIKE 'reservation_slots'\G
#    SHOW CREATE TABLE `isupipe`.`reservation_slots`\G
UPDATE reservation_slots SET slot = slot - 1 WHERE start_at >= 1700899200 AND end_at <= 1700967600\G
# Converted for EXPLAIN
# EXPLAIN /*!50100 PARTITIONS*/
select  slot = slot - 1 from reservation_slots where  start_at >= 1700899200 AND end_at <= 1700967600\G

# Query 12: 1.83 QPS, 0.08x concurrency, ID 0x7F9C0C0BA9473953B723EE16C08655F1 at byte 60396319
# This item is included in the report because it matches --limit.
# Scores: V/M = 0.02
# Time range: 2023-11-25T07:41:34 to 2023-11-25T07:42:40
# Attribute    pct   total     min     max     avg     95%  stddev  median
# ============ === ======= ======= ======= ======= ======= ======= =======
# Count          0     121
# Exec time      2      5s     5ms   109ms    44ms    91ms    30ms    40ms
# Lock time      0   153us       0    27us     1us     1us     2us     1us
# Rows sent      0   1.04k       1      21    8.83   18.53    6.04    8.91
# Rows examine   8   1.01M   8.55k   8.55k   8.55k   8.55k       0   8.55k
# Query size     0  11.34k      96      96      96      96       0      96
# String:
# Databases    isupipe
# Hosts        localhost
# Users        isucon
# Query_time distribution
#   1us
#  10us
# 100us
#   1ms  ##################
#  10ms  ################################################################
# 100ms  ####
#    1s
#  10s+
# Tables
#    SHOW TABLE STATUS FROM `isupipe` LIKE 'reservation_slots'\G
#    SHOW CREATE TABLE `isupipe`.`reservation_slots`\G
# EXPLAIN /*!50100 PARTITIONS*/
SELECT * FROM reservation_slots WHERE start_at >= 1701230400 AND end_at <= 1701270000 FOR UPDATE\G

# Query 13: 250.33 QPS, 0.07x concurrency, ID 0xD6032FE08E1FE706A928B8B7CBA06B85 at byte 71154702
# This item is included in the report because it matches --limit.
# Scores: V/M = 0.00
# Time range: 2023-11-25T07:41:34 to 2023-11-25T07:42:41
# Attribute    pct   total     min     max     avg     95%  stddev  median
# ============ === ======= ======= ======= ======= ======= ======= =======
# Count          4   16772
# Exec time      2      4s    52us    19ms   263us     1ms   653us    93us
# Lock time      5    50ms       0     4ms     2us     1us    61us     1us
# Rows sent      3  16.38k       1       1       1       1       0       1
# Rows examine   0  16.38k       1       1       1       1       0       1
# Query size     1 671.25k      38      41   40.98   40.45    0.24   40.45
# String:
# Databases    isupipe
# Hosts        localhost
# Users        isucon
# Query_time distribution
#   1us
#  10us  ################################################################
# 100us  #######################################
#   1ms  #####
#  10ms  #
# 100ms
#    1s
#  10s+
# Tables
#    SHOW TABLE STATUS FROM `isupipe` LIKE 'livestreams'\G
#    SHOW CREATE TABLE `isupipe`.`livestreams`\G
# EXPLAIN /*!50100 PARTITIONS*/
SELECT * FROM livestreams WHERE id = 4242\G

# Query 14: 69.13 QPS, 0.04x concurrency, ID 0xFFFCA4D67EA0A788813031B8BBC3B329 at byte 42465283
# This item is included in the report because it matches --limit.
# Scores: V/M = 0.00
# Time range: 2023-11-25T07:41:34 to 2023-11-25T07:42:41
# Attribute    pct   total     min     max     avg     95%  stddev  median
# ============ === ======= ======= ======= ======= ======= ======= =======
# Count          1    4632
# Exec time      1      3s    16us    18ms   560us     3ms     1ms    69us
# Lock time      0       0       0       0       0       0       0       0
# Rows sent      0       0       0       0       0       0       0       0
# Rows examine   0       0       0       0       0       0       0       0
# Query size     0  27.14k       6       6       6       6       0       6
# String:
# Databases    isupipe (4200/90%), isudns (432/9%)
# Hosts        localhost
# Users        isucon (4200/90%), isudns (432/9%)
# Query_time distribution
#   1us
#  10us  ################################################################
# 100us  #######################
#   1ms  ###############
#  10ms  #
# 100ms
#    1s
#  10s+
COMMIT\G

# Query 15: 103.07 QPS, 0.04x concurrency, ID 0x3F155F5E71EFF856F0CF7B8430DE8C23 at byte 72407662
# This item is included in the report because it matches --limit.
# Scores: V/M = 0.00
# Time range: 2023-11-25T07:41:34 to 2023-11-25T07:42:41
# Attribute    pct   total     min     max     avg     95%  stddev  median
# ============ === ======= ======= ======= ======= ======= ======= =======
# Count          1    6906
# Exec time      1      2s    70us    13ms   343us     1ms   730us   113us
# Lock time      2    23ms       0     1ms     3us     1us    35us     1us
# Rows sent      1   6.74k       0       1    1.00    0.99    0.01    0.99
# Rows examine   0   6.74k       0       1    1.00    0.99    0.01    0.99
# Query size     0 306.66k      39      56   45.47   49.17    3.00   44.60
# String:
# Databases    isupipe
# Hosts        localhost
# Users        isucon
# Query_time distribution
#   1us
#  10us  ################
# 100us  ################################################################
#   1ms  ######
#  10ms  #
# 100ms
#    1s
#  10s+
# Tables
#    SHOW TABLE STATUS FROM `isupipe` LIKE 'users'\G
#    SHOW CREATE TABLE `isupipe`.`users`\G
# EXPLAIN /*!50100 PARTITIONS*/
SELECT * FROM users WHERE name = 'naokiyamaguchi0'\G
